<?xml version="1.0" encoding="UTF-8"?>
<testng-results skipped="0" failed="0" total="1" passed="1">
  <reporter-output>
  </reporter-output>
  <suite name="Suite" duration-ms="287" started-at="2016-09-27T02:30:28Z" finished-at="2016-09-27T02:30:28Z">
    <groups>
    </groups>
    <test name="Test" duration-ms="287" started-at="2016-09-27T02:30:28Z" finished-at="2016-09-27T02:30:28Z">
      <class name="com.sampleproject.git.gitproject.AppTest">
        <test-method status="PASS" signature="add()[pri:0, instance:com.sampleproject.git.gitproject.AppTest@69b199]" name="add" duration-ms="139" started-at="2016-09-27T08:00:28Z" finished-at="2016-09-27T08:00:28Z">
          <reporter-output>
          </reporter-output>
        </test-method> <!-- add -->
      </class> <!-- com.sampleproject.git.gitproject.AppTest -->
    </test> <!-- Test -->
  </suite> <!-- Suite -->
</testng-results>
