<?xml version="1.0" encoding="UTF-8"?>
<testng-results skipped="0" failed="0" total="1" passed="1">
  <reporter-output>
  </reporter-output>
  <suite name="Suite" duration-ms="94" started-at="2016-09-27T03:26:10Z" finished-at="2016-09-27T03:26:10Z">
    <groups>
    </groups>
    <test name="Test" duration-ms="94" started-at="2016-09-27T03:26:10Z" finished-at="2016-09-27T03:26:10Z">
      <class name="com.sampleproject.git.gitproject.AppTest">
        <test-method status="PASS" signature="add()[pri:0, instance:com.sampleproject.git.gitproject.AppTest@d2e7d9]" name="add" duration-ms="47" started-at="2016-09-27T08:56:10Z" finished-at="2016-09-27T08:56:10Z">
          <reporter-output>
          </reporter-output>
        </test-method> <!-- add -->
      </class> <!-- com.sampleproject.git.gitproject.AppTest -->
    </test> <!-- Test -->
  </suite> <!-- Suite -->
</testng-results>
